<?xml version="1.0" encoding="UTF-8"?>
<!-- Generated by org.testng.reporters.JUnitReportReporter -->
<testsuite hostname="DESKTOP-GFGE941" failures="0" tests="1" name="automation.testsuite.LoginTest" time="1.629" errors="0" timestamp="2023-10-12T21:59:44 JST" skipped="0">
  <testcase classname="automation.testsuite.LoginTest" name="loginSuccessfully" time="1.629"/>
</testsuite> <!-- automation.testsuite.LoginTest -->
