<?xml version="1.0" encoding="UTF-8"?>
<!-- Generated by org.testng.reporters.JUnitReportReporter -->
<testsuite hostname="DESKTOP-GFGE941" failures="0" tests="1" name="automation.testsuite.Day8_LocatorPractice" time="5.602" errors="0" timestamp="2023-10-12T22:49:48 JST" skipped="0">
  <testcase classname="automation.testsuite.Day8_LocatorPractice" name="findLocatorByLinkText" time="5.602"/>
</testsuite> <!-- automation.testsuite.Day8_LocatorPractice -->
