<?xml version="1.0" encoding="UTF-8"?>
<!-- Generated by org.testng.reporters.JUnitReportReporter -->
<testsuite hostname="DESKTOP-GFGE941" failures="0" tests="2" name="automation.testsuite.Day8_HW2_LocatorElement" time="3.712" errors="0" timestamp="2023-10-12T23:39:23 JST" skipped="0">
  <testcase classname="automation.testsuite.Day8_HW2_LocatorElement" name="findLocatorById" time="2.242"/>
  <testcase classname="automation.testsuite.Day8_HW2_LocatorElement" name="findLocatorByName" time="1.470"/>
</testsuite> <!-- automation.testsuite.Day8_HW2_LocatorElement -->
