<?xml version="1.0" encoding="UTF-8"?>
<!-- Generated by org.testng.reporters.JUnitReportReporter -->
<testsuite hostname="DESKTOP-GFGE941" failures="0" tests="2" name="automation.testsuite.Day8_HW_LocatorElement" time="11.076" errors="0" timestamp="2023-10-12T23:20:27 JST" skipped="0">
  <testcase classname="automation.testsuite.Day8_HW_LocatorElement" name="findLocatorById" time="5.625"/>
  <testcase classname="automation.testsuite.Day8_HW_LocatorElement" name="findLocatorByName" time="5.451"/>
</testsuite> <!-- automation.testsuite.Day8_HW_LocatorElement -->
